# JRE version: OpenJDK Runtime Environment (21.0.2+13) (build 21.0.2+13-Ubuntu-122.04.1)
# Java VM: OpenJDK 64-Bit Server VM (21.0.2+13-Ubuntu-122.04.1, mixed mode, sharing, tiered, compressed oops, compressed class ptrs, g1 gc, linux-amd64)
Heap:
 garbage-first heap   total 89088K, used 44113K [0x0000000084e00000, 0x0000000100000000)
  region size 1024K, 30 young (30720K), 8 survivors (8192K)
 Metaspace       used 24667K, committed 24960K, reserved 1114112K
  class space    used 3240K, committed 3392K, reserved 1048576K
GC Heap History (8 events):
Event: 0.742 GC heap before
{Heap before GC invocations=0 (full 0):
 garbage-first heap   total 129024K, used 23581K [0x0000000084e00000, 0x0000000100000000)
  region size 1024K, 23 young (23552K), 0 survivors (0K)
 Metaspace       used 6388K, committed 6592K, reserved 1114112K
  class space    used 784K, committed 832K, reserved 1048576K
}
Event: 0.748 GC heap after
{Heap after GC invocations=1 (full 0):
 garbage-first heap   total 129024K, used 3361K [0x0000000084e00000, 0x0000000100000000)
  region size 1024K, 3 young (3072K), 3 survivors (3072K)
 Metaspace       used 6388K, committed 6592K, reserved 1114112K
  class space    used 784K, committed 832K, reserved 1048576K
}
Event: 19.170 GC heap before
{Heap before GC invocations=1 (full 0):
 garbage-first heap   total 129024K, used 60705K [0x0000000084e00000, 0x0000000100000000)
  region size 1024K, 46 young (47104K), 3 survivors (3072K)
 Metaspace       used 15129K, committed 15424K, reserved 1114112K
  class space    used 2166K, committed 2304K, reserved 1048576K
}
Event: 19.178 GC heap after
{Heap after GC invocations=2 (full 0):
 garbage-first heap   total 129024K, used 19778K [0x0000000084e00000, 0x0000000100000000)
  region size 1024K, 6 young (6144K), 6 survivors (6144K)
 Metaspace       used 15129K, committed 15424K, reserved 1114112K
  class space    used 2166K, committed 2304K, reserved 1048576K
}
Event: 22.964 GC heap before
{Heap before GC invocations=2 (full 0):
 garbage-first heap   total 129024K, used 64834K [0x0000000084e00000, 0x0000000100000000)
  region size 1024K, 12 young (12288K), 6 survivors (6144K)
 Metaspace       used 16545K, committed 16832K, reserved 1114112K
  class space    used 2293K, committed 2432K, reserved 1048576K
}
Event: 22.969 GC heap after
{Heap after GC invocations=3 (full 0):
 garbage-first heap   total 129024K, used 17916K [0x0000000084e00000, 0x0000000100000000)
  region size 1024K, 7 young (7168K), 7 survivors (7168K)
 Metaspace       used 16545K, committed 16832K, reserved 1114112K
  class space    used 2293K, committed 2432K, reserved 1048576K
}
Event: 51.221 GC heap before
{Heap before GC invocations=3 (full 0):
 garbage-first heap   total 129024K, used 56828K [0x0000000084e00000, 0x0000000100000000)
  region size 1024K, 25 young (25600K), 7 survivors (7168K)
 Metaspace       used 21281K, committed 21504K, reserved 1114112K
  class space    used 2874K, committed 3008K, reserved 1048576K
}
Event: 51.227 GC heap after
{Heap after GC invocations=4 (full 0):
 garbage-first heap   total 129024K, used 23633K [0x0000000084e00000, 0x0000000100000000)
  region size 1024K, 8 young (8192K), 8 survivors (8192K)
 Metaspace       used 21281K, committed 21504K, reserved 1114112K
  class space    used 2874K, committed 3008K, reserved 1048576K
}

